<?xml version="1.0" encoding="UTF-8"?>
<!-- Generated by org.testng.reporters.JUnitReportReporter -->
<testsuite hostname="SunitaVedAnn" failures="0" tests="1" name="newSeleniumConcepts.VerifyErrorMessage" time="28.933" errors="0" timestamp="2023-01-04T18:50:28 IST" skipped="0">
  <testcase classname="newSeleniumConcepts.VerifyErrorMessage" name="errorMessage" time="28.933"/>
  <system-out/>
</testsuite> <!-- newSeleniumConcepts.VerifyErrorMessage -->
