<?xml version="1.0" encoding="UTF-8"?>
<!-- Generated by org.testng.reporters.JUnitReportReporter -->
<testsuite hostname="SunitaVedAnn" failures="0" tests="1" name="newSeleniumConcepts.SpecifiWebDriverManager" time="11.720" errors="0" timestamp="2023-01-03T01:18:21 IST" skipped="0">
  <testcase classname="newSeleniumConcepts.SpecifiWebDriverManager" name="webdriver" time="11.720"/>
  <system-out/>
</testsuite> <!-- newSeleniumConcepts.SpecifiWebDriverManager -->
