<?xml version="1.0" encoding="UTF-8"?>
<!-- Generated by org.testng.reporters.JUnitReportReporter -->
<testsuite hostname="SunitaVedAnn" failures="0" tests="1" name="newSeleniumConcepts.CharacterSequence" time="30.356" errors="0" timestamp="2022-12-29T10:14:42 IST" skipped="0">
  <testcase classname="newSeleniumConcepts.CharacterSequence" name="charseq" time="30.356"/>
  <system-out/>
</testsuite> <!-- newSeleniumConcepts.CharacterSequence -->
