<?xml version="1.0" encoding="UTF-8"?>
<!-- Generated by org.testng.reporters.JUnitReportReporter -->
<testsuite hostname="SunitaVedAnn" failures="0" tests="1" name="newSeleniumConcepts.ReadProperties" time="35.185" errors="0" timestamp="2023-01-04T00:53:54 IST" skipped="0">
  <testcase classname="newSeleniumConcepts.ReadProperties" name="readProperties" time="35.185"/>
  <system-out/>
</testsuite> <!-- newSeleniumConcepts.ReadProperties -->
