<?xml version="1.0" encoding="UTF-8"?>
<!-- Generated by org.testng.reporters.JUnitReportReporter -->
<testsuite hostname="SunitaVedAnn" failures="0" tests="1" name="newSeleniumConcepts.RelativeLocatorsDemo" time="11.616" errors="0" timestamp="2023-01-17T12:38:28 IST" skipped="0">
  <testcase classname="newSeleniumConcepts.RelativeLocatorsDemo" name="relativeLocators" time="11.616"/>
  <system-out/>
</testsuite> <!-- newSeleniumConcepts.RelativeLocatorsDemo -->
