<?xml version="1.0" encoding="UTF-8"?>
<!-- Generated by org.testng.reporters.JUnitReportReporter -->
<testsuite hostname="SunitaVedAnn" failures="0" tests="1" name="newSeleniumConcepts.GetRect" time="18.875" errors="0" timestamp="2023-01-03T01:03:20 IST" skipped="0">
  <testcase classname="newSeleniumConcepts.GetRect" name="getRect" time="18.875"/>
  <system-out/>
</testsuite> <!-- newSeleniumConcepts.GetRect -->
