<?xml version="1.0" encoding="UTF-8"?>
<!-- Generated by org.testng.reporters.JUnitReportReporter -->
<testsuite hostname="SunitaVedAnn" failures="0" tests="1" name="newSeleniumConcepts.WindowTab" time="23.600" errors="0" timestamp="2023-01-03T00:52:56 IST" skipped="0">
  <testcase classname="newSeleniumConcepts.WindowTab" name="windowtab" time="23.600"/>
  <system-out/>
</testsuite> <!-- newSeleniumConcepts.WindowTab -->
