<?xml version="1.0" encoding="UTF-8"?>
<!-- Generated by org.testng.reporters.JUnitReportReporter -->
<testsuite hostname="SunitaVedAnn" failures="0" tests="1" name="newSeleniumConcepts.RelativeLocators" time="19.059" errors="0" timestamp="2023-01-02T19:29:43 IST" skipped="0">
  <testcase classname="newSeleniumConcepts.RelativeLocators" name="relativeDemo" time="19.059"/>
  <system-out/>
</testsuite> <!-- newSeleniumConcepts.RelativeLocators -->
