<?xml version="1.0" encoding="UTF-8"?>
<!-- Generated by org.testng.reporters.JUnitReportReporter -->
<testsuite hostname="SunitaVedAnn" failures="0" tests="1" name="newSeleniumConcepts.PropertiesDemo" time="28.423" errors="0" timestamp="2023-01-03T23:52:07 IST" skipped="0">
  <testcase classname="newSeleniumConcepts.PropertiesDemo" name="readProp" time="28.423"/>
  <system-out/>
</testsuite> <!-- newSeleniumConcepts.PropertiesDemo -->
