<?xml version="1.0" encoding="UTF-8"?>
<!-- Generated by org.testng.reporters.JUnitReportReporter -->
<testsuite hostname="SunitaVedAnn" failures="0" tests="1" name="newSeleniumConcepts.FluentWait" time="49.719" errors="0" timestamp="2023-01-03T02:00:21 IST" skipped="0">
  <testcase classname="newSeleniumConcepts.FluentWait" name="fluentWaitDemo" time="49.719"/>
  <system-out/>
</testsuite> <!-- newSeleniumConcepts.FluentWait -->
