<?xml version="1.0" encoding="UTF-8"?>
<!-- Generated by org.testng.reporters.JUnitReportReporter -->
<testsuite hostname="SunitaVedAnn" failures="0" tests="1" name="newSeleniumConcepts.ChromeHeadless" time="18.921" errors="0" timestamp="2023-01-04T01:08:08 IST" skipped="0">
  <testcase classname="newSeleniumConcepts.ChromeHeadless" name="headlessChrome" time="18.921"/>
  <system-out/>
</testsuite> <!-- newSeleniumConcepts.ChromeHeadless -->
