<?xml version="1.0" encoding="UTF-8"?>
<!-- Generated by org.testng.reporters.JUnitReportReporter -->
<testsuite hostname="SunitaVedAnn" failures="0" tests="1" name="newSeleniumConcepts.FluentWaitDemo" time="25.544" errors="0" timestamp="2023-01-02T19:13:10 IST" skipped="0">
  <testcase classname="newSeleniumConcepts.FluentWaitDemo" name="fluent" time="25.544"/>
  <system-out/>
</testsuite> <!-- newSeleniumConcepts.FluentWaitDemo -->
