<?xml version="1.0" encoding="UTF-8"?>
<!-- Generated by org.testng.reporters.JUnitReportReporter -->
<testsuite hostname="SunitaVedAnn" failures="0" tests="1" name="newSeleniumConcepts.MinimiseMaximiseAndFullScreen" time="39.333" errors="0" timestamp="2023-01-03T00:45:25 IST" skipped="0">
  <testcase classname="newSeleniumConcepts.MinimiseMaximiseAndFullScreen" name="minmaxfull" time="39.333"/>
  <system-out/>
</testsuite> <!-- newSeleniumConcepts.MinimiseMaximiseAndFullScreen -->
