<?xml version="1.0" encoding="UTF-8"?>
<!-- Generated by org.testng.reporters.JUnitReportReporter -->
<testsuite hostname="SunitaVedAnn" failures="0" tests="1" name="newSeleniumConcepts.NewWindowTab" time="20.242" errors="0" timestamp="2023-01-02T18:38:31 IST" skipped="0">
  <testcase classname="newSeleniumConcepts.NewWindowTab" name="tabOrWindow" time="20.242"/>
  <system-out/>
</testsuite> <!-- newSeleniumConcepts.NewWindowTab -->
