<?xml version="1.0" encoding="UTF-8"?>
<!-- Generated by org.testng.reporters.JUnitReportReporter -->
<testsuite hostname="SunitaVedAnn" failures="0" tests="1" name="newSeleniumConcepts.RelativeLocatorsDemo" time="20.080" errors="0" timestamp="2023-01-03T01:40:54 IST" skipped="0">
  <testcase classname="newSeleniumConcepts.RelativeLocatorsDemo" name="relativeLocators" time="20.080"/>
  <system-out/>
</testsuite> <!-- newSeleniumConcepts.RelativeLocatorsDemo -->
