<?xml version="1.0" encoding="UTF-8"?>
<!-- Generated by org.testng.reporters.JUnitReportReporter -->
<testsuite hostname="SunitaVedAnn" failures="0" tests="1" name="newSeleniumConcepts.GetRect" time="20.431" errors="0" timestamp="2023-01-21T12:26:36 IST" skipped="0">
  <testcase classname="newSeleniumConcepts.GetRect" name="getRect" time="20.431"/>
  <system-out/>
</testsuite> <!-- newSeleniumConcepts.GetRect -->
