<?xml version="1.0" encoding="UTF-8"?>
<!-- Generated by org.testng.reporters.JUnitReportReporter -->
<testsuite hostname="SunitaVedAnn" failures="0" tests="1" name="newSeleniumConcepts.SpecialLocators" time="17.016" errors="0" timestamp="2022-12-29T10:28:30 IST" skipped="0">
  <testcase classname="newSeleniumConcepts.SpecialLocators" name="specialLocators" time="17.016"/>
  <system-out/>
</testsuite> <!-- newSeleniumConcepts.SpecialLocators -->
